skesa --fastq SRR19965991_R1.trimmed.fastq.gz,SRR19965991_R2.trimmed.fastq.gz --contigs_out SRR19965991_assembly.fasta 

Total mates: 230664 Paired reads: 115332
Reads acquired in  1.416741s wall, 1.390000s user + 0.010000s system = 1.400000s CPU (98.8%)

Kmer len: 19
Raw kmers: 47348655 Memory needed (GB): 0.909094 Memory available (GB): 29.9824 1 cycle(s) will be performed
Distinct kmers: 3589
Kmer count in  1.705376s wall, 11.160000s user + 1.280000s system = 12.440000s CPU (729.5%)
Uniq kmers merging in  0.063540s wall, 0.000000s user + 0.040000s system = 0.040000s CPU (63.0%)
Clipping point: 0 106777
Clipping point: 1 442
Clipping point: 2 382
Clipping point: 3 868
Clipping point: 4 151
Clipping point: 5 649
Clipping point: 6 744
Clipping point: 7 1038
Clipping point: 8 3024
Clipping point: 9 107156
Clipping point: 10 1133
Clipping point: 11 418
Clipping point: 12 165
Clipping point: 13 244
Clipping point: 14 314
Clipping point: 15 59
Clipping point: 16 53
Clipping point: 17 565
Clipping point: 18 31
Clipping point: 19 18
Clipping point: 20 17
Clipping point: 21 18
Clipping point: 22 135
Clipping point: 23 45
Clipping point: 24 45
Clipping point: 25 84
Clipping point: 26 67
Clipping point: 27 21
Clipping point: 28 36
Clipping point: 29 4
Clipping point: 30 1
Clipping point: 31 1
Clipping point: 32 3
Clipping point: 33 5
Clipping point: 34 1
Clipping point: 35 8
Clipping point: 36 13
Clipping point: 37 3
Clipping point: 38 1
Clipping point: 39 3
Clipping point: 40 2
Clipping point: 42 4
Clipping point: 43 3
Clipping point: 44 3
Clipping point: 45 15
Clipping point: 46 4
Clipping point: 47 2
Clipping point: 48 3
Clipping point: 49 1
Clipping point: 50 1
Clipping point: 51 2
Clipping point: 52 14
Clipping point: 53 1
Clipping point: 54 10
Clipping point: 55 1
Clipping point: 56 1
Clipping point: 58 5
Clipping point: 59 3
Clipping point: 60 2
Clipping point: 62 3
Clipping point: 65 4
Clipping point: 66 1
Clipping point: 67 3
Clipping point: 68 102
Clipping point: 69 4
Clipping point: 70 2
Clipping point: 71 6
Clipping point: 72 7
Clipping point: 74 3
Clipping point: 75 3
Clipping point: 76 1
Clipping point: 77 2
Clipping point: 79 1
Clipping point: 80 1
Clipping point: 81 5
Clipping point: 82 70
Clipping point: 83 3
Clipping point: 84 1
Clipping point: 87 3
Clipping point: 88 9
Clipping point: 89 1
Clipping point: 91 3
Clipping point: 93 4
Clipping point: 95 1
Clipping point: 96 1
Clipping point: 98 14
Clipping point: 99 17
Clipping point: 100 12
Clipping point: 101 4
Clipping point: 102 20
Clipping point: 103 136
Clipping point: 104 12
Clipping point: 105 4
Clipping point: 106 35
Clipping point: 107 61
Clipping point: 108 5
Clipping point: 109 4
Clipping point: 112 26
Clipping point: 113 1
Clipping point: 114 2
Clipping point: 117 2
Clipping point: 119 1
Clipping point: 120 1
Clipping point: 122 2
Clipping point: 123 2
Clipping point: 128 1
Clipping point: 131 1
Clipping point: 132 2
Clipping point: 134 2
Clipping point: 136 1
Clipping point: 137 2
Clipping point: 139 3
Clipping point: 140 6
Clipping point: 141 1
Clipping point: 145 3
Clipping point: 147 1
Clipping point: 149 1
Clipping point: 150 1
Clipping point: 151 3
Clipping point: 152 4
Clipping point: 153 1
Clipping point: 155 2
Clipping point: 158 1
Clipping point: 159 1
Clipping point: 160 3
Clipping point: 161 6
Clipping point: 162 1
Clipping point: 167 1
Clipping point: 168 2
Clipping point: 169 1
Clipping point: 171 1
Clipping point: 175 8
Clipping point: 176 2
Clipping point: 177 3
Clipping point: 179 1
Clipping point: 189 5
Clipping point: 193 1
Clipping point: 194 8
Clipping point: 202 1
Clipping point: 205 1
Clipping point: 208 2
Clipping point: 210 1
Clipping point: 218 2
Clipping point: 219 2
Clipping point: 227 1
Clipping point: 228 1
Clipping point: 229 2
Clipping point: 231 2
Clipping point: 232 5
Adapters: 527 Reads before: 230664 Sequence before: 51500607 Reads after: 123887 Sequence after: 1997371 Reads clipped: 225524
Adapters clipped in  1.836227s wall, 11.600000s user + 1.350000s system = 12.950000s CPU (705.3%)
Adapter: TACTGGGCGTAAAGCGCAC 162621
Adapter: ATTACTGGGCGTAAAGCGC 162544
Adapter: TTACTGGGCGTAAAGCGCA 162219
Adapter: AATTACTGGGCGTAAAGCG 162055
Adapter: GAATTACTGGGCGTAAAGC 161842
Adapter: CTTTACGCCCAGTAATTCC 159562
Adapter: CAATATTCCCCACTGCTGC 109945
Adapter: ATTCCCCACTGCTGCCTCC 109822
Adapter: AATATTCCCCACTGCTGCC 109821
Adapter: TCTAATCCTGTTTGCTCCC 109813
Adapter: CTAATCCTGTTTGCTCCCC 109744
Adapter: TAATCCTGTTTGCTCCCCA 109714
Adapter: CAGTGGGGAATATTGCACA 109690
Adapter: AATCCTGTTTGCTCCCCAC 109662
Adapter: AGTGGGGAATATTGCACAA 109627
Adapter: ATCCTGTTTGCTCCCCACG 109494
Adapter: ATATTCCCCACTGCTGCCT 109494
Adapter: ATTGTGCAATATTCCCCAC 109486
Adapter: TATTCCCCACTGCTGCCTC 109483
Adapter: TCCTGTTTGCTCCCCACGC 109471
Adapter: CATTGTGCAATATTCCCCA 109355
Adapter: CCATTGTGCAATATTCCCC 109200
Adapter: CAGCAGTGGGGAATATTGC 109191
Adapter: GCAGTGGGGAATATTGCAC 109117
Adapter: AGCAGTGGGGAATATTGCA 109115
Adapter: AGCGTGGGGAGCAAACAGG 109112
Adapter: CCCATTGTGCAATATTCCC 109009
Adapter: AAGCGTGGGGAGCAAACAG 108875
Adapter: AAAGCGTGGGGAGCAAACA 108818
Adapter: GCCCATTGTGCAATATTCC 108811
Adapter: GAAAGCGTGGGGAGCAAAC 108776
Adapter: CGAAAGCGTGGGGAGCAAA 108748
Adapter: CGCCCATTGTGCAATATTC 108688
Adapter: TTCCCCACTGCTGCCTCCC 108579
Adapter: AATATTGCACAATGGGCGC 108425
Adapter: ATATTGCACAATGGGCGCA 108401
Adapter: TATTGCACAATGGGCGCAA 108315
Adapter: ATTGCACAATGGGCGCAAG 108182
Adapter: TTGCACAATGGGCGCAAGC 108122
Adapter: ACAATGGGCGCAAGCCTGA 108095
Adapter: TGCACAATGGGCGCAAGCC 108030
Adapter: ATCAGGCTTGCGCCCATTG 108018
Adapter: AGGCTTGCGCCCATTGTGC 107926
Adapter: CGGGAGGCAGCAGTGGGGA 107895
Adapter: CACAATGGGCGCAAGCCTG 107893
Adapter: TTGCTCCCCACGCTTTCGC 107872
Adapter: AATGGGCGCAAGCCTGATG 107696
Adapter: ATGGGCGCAAGCCTGATGC 107640
Adapter: GCTGCATCAGGCTTGCGCC 107634
Adapter: TGCATCAGGCTTGCGCCCA 107623
Adapter: CTGCATCAGGCTTGCGCCC 107581
Adapter: GCTCCCCACGCTTTCGCAC 107512
Adapter: TGCTCCCCACGCTTTCGCA 107499
Adapter: GCGCAAGCCTGATGCAGCC 107459
Adapter: CTCCCCACGCTTTCGCACC 107410
Adapter: CGCAAGCCTGATGCAGCCA 107398
Adapter: AGGTGCGAAAGCGTGGGGA 107359
Adapter: ACGGGAGGCAGCAGTGGGG 107345
Adapter: ATGGCTGCATCAGGCTTGC 107249
Adapter: CAAGCCTGATGCAGCCATG 107207
Adapter: ACTCCTACGGGAGGCAGCA 107199
Adapter: AAGCCTGATGCAGCCATGC 107140
Adapter: AGCCTGATGCAGCCATGCC 107126
Adapter: CCTGATGCAGCCATGCCGC 107096
Adapter: CGGCATGGCTGCATCAGGC 107095
Adapter: CACGCTTTCGCACCTGAGC 107088
Adapter: CCCACGCTTTCGCACCTGA 107086
Adapter: CAGGTGCGAAAGCGTGGGG 107083
Adapter: ACGCTTTCGCACCTGAGCG 107069
Adapter: CTGATGCAGCCATGCCGCG 107061
Adapter: CCACGCTTTCGCACCTGAG 107050
Adapter: ACGCTCAGGTGCGAAAGCG 107035
Adapter: GACGCTCAGGTGCGAAAGC 106999
Adapter: ACGCGGCATGGCTGCATCA 106983
Adapter: CACACACGCGGCATGGCTG 106966
Adapter: CTTTCGCACCTGAGCGTCA 106957
Adapter: CACGCGGCATGGCTGCATC 106933
Adapter: CTCCTACGGGAGGCAGCAG 106921
Adapter: CTGACGCTCAGGTGCGAAA 106913
Adapter: ACTGACGCTCAGGTGCGAA 106801
Adapter: ACACGCGGCATGGCTGCAT 106782
Adapter: CCACTGCTGCCTCCCGTAG 106711
Adapter: CCCACTGCTGCCTCCCGTA 106707
Adapter: TCGCACCTGAGCGTCAGTC 106582
Adapter: CACACGCGGCATGGCTGCA 106552
Adapter: ACACACGCGGCATGGCTGC 106489
Adapter: ACTGCTGCCTCCCGTAGGA 106450
Adapter: AGACTGACGCTCAGGTGCG 106370
Adapter: CACTGCTGCCTCCCGTAGG 106277
Adapter: AGCCATGCCGCGTGTGTGA 106136
Adapter: AAGACTGACGCTCAGGTGC 106126
Adapter: AAAGACTGACGCTCAGGTG 105971
Adapter: ACCTGAGCGTCAGTCTTTG 105925
Adapter: ACAAAGACTGACGCTCAGG 105847
Adapter: CTGAGCGTCAGTCTTTGTC 105811
Adapter: TGAGCGTCAGTCTTTGTCC 105755
Adapter: TGGACAAAGACTGACGCTC 105601
Adapter: AGCGTCAGTCTTTGTCCAG 105517
Adapter: CCTGGACAAAGACTGACGC 105383
Adapter: TTCACACACGCGGCATGGC 105367
Adapter: CCCTGGACAAAGACTGACG 105289
Adapter: CCATGCCGCGTGTGTGAAG 105272
Adapter: CCCCTGGACAAAGACTGAC 105241
Adapter: CCCCCTGGACAAAGACTGA 105194
Adapter: CAGTCTTTGTCCAGGGGGC 105139
Adapter: AGTCTTTGTCCAGGGGGCC 105127
Adapter: CGGCCCCCTGGACAAAGAC 105097
Adapter: TCTTTGTCCAGGGGGCCGC 105079
Adapter: CTTTGTCCAGGGGGCCGCC 105034
Adapter: CGAAGGCGGCCCCCTGGAC 104992
Adapter: AGGCGGCCCCCTGGACAAA 104992
Adapter: TCCAGGGGGCCGCCTTCGC 104981
Adapter: AAGGCGGCCCCCTGGACAA 104974
Adapter: CCAGGGGGCCGCCTTCGCC 104954
Adapter: TGTCCAGGGGGCCGCCTTC 104923
Adapter: CAGGGGGCCGCCTTCGCCA 104856
Adapter: AGGGGGCCGCCTTCGCCAC 104837
Adapter: CCGGTGGCGAAGGCGGCCC 104798
Adapter: CGGTGGCGAAGGCGGCCCC 104784
Adapter: GGTGGCGAAGGCGGCCCCC 104733
Adapter: ACCGGTGGCGAAGGCGGCC 104527
Adapter: CATGCCGCGTGTGTGAAGA 104454
Adapter: TACCGGTGGCGAAGGCGGC 104064
Adapter: ATGCCGCGTGTGTGAAGAA 103905
Adapter: ATACCGGTGGCGAAGGCGG 103772
Adapter: CTTCTTCACACACGCGGCA 103720
Adapter: CCTTCTTCACACACGCGGC 103712
Adapter: AATACCGGTGGCGAAGGCG 103645
Adapter: CCGCGTGTGTGAAGAAGGC 103634
Adapter: CGCGTGTGTGAAGAAGGCC 103531
Adapter: GAATACCGGTGGCGAAGGC 103507
Adapter: CCTTCGCCACCGGTATTCC 103365
Adapter: AGGAATACCGGTGGCGAAG 103271
Adapter: TTCGCCACCGGTATTCCTC 103185
Adapter: AGGCCTTCTTCACACACGC 103031
Adapter: TCGCCACCGGTATTCCTCC 103002
Adapter: TTACAACCCGAAGGCCTTC 102994
Adapter: AAGGCCTTCTTCACACACG 102970
Adapter: AAGGCCTTCGGGTTGTAAA 102952
Adapter: GAAGGCCTTCTTCACACAC 102851
Adapter: CAACCCGAAGGCCTTCTTC 102766
Adapter: AGGCCTTCGGGTTGTAAAG 102760
Adapter: CGAAGGCCTTCTTCACACA 102756
Adapter: CCGAAGGCCTTCTTCACAC 102723
Adapter: ACCCGAAGGCCTTCTTCAC 102720
Adapter: AACCCGAAGGCCTTCTTCA 102716
Adapter: AAGAAGGCCTTCGGGTTGT 102712
Adapter: AAAGTGCTTTACAACCCGA 102709
Adapter: CCCGAAGGCCTTCTTCACA 102700
Adapter: AGAAGGCCTTCGGGTTGTA 102695
Adapter: CGCCACCGGTATTCCTCCA 102619
Adapter: GCTTTACAACCCGAAGGCC 102584
Adapter: CTGGAGGAATACCGGTGGC 102566
Adapter: CGGGTTGTAAAGCACTTTC 102554
Adapter: TGAAAGTGCTTTACAACCC 102469
Adapter: TGCTTTACAACCCGAAGGC 102458
Adapter: CTGAAAGTGCTTTACAACC 102437
Adapter: CCTTCGGGTTGTAAAGCAC 102423
Adapter: AGTGCTTTACAACCCGAAG 102409
Adapter: AAGTGCTTTACAACCCGAA 102364
Adapter: CCACCGGTATTCCTCCAGA 102094
Adapter: GCTGAAAGTGCTTTACAAC 101946
Adapter: CGCTGAAAGTGCTTTACAA 101847
Adapter: CCGCTGAAAGTGCTTTACA 101710
Adapter: CCCGCTGAAAGTGCTTTAC 101670
Adapter: CCCCGCTGAAAGTGCTTTA 101642
Adapter: AAAGCACTTTCAGCGGGGA 101605
Adapter: AAGCACTTTCAGCGGGGAG 101580
Adapter: TAGCGGTGAAATGCGTAGA 101552
Adapter: AGCACTTTCAGCGGGGAGG 101549
Adapter: CTACGCATTTCACCGCTAC 101507
Adapter: ACTTTCAGCGGGGAGGAAG 101496
Adapter: ATCTGGAGGAATACCGGTG 101460
Adapter: CCTTCCTCCCCGCTGAAAG 101454
Adapter: TCCTCCCCGCTGAAAGTGC 101424
Adapter: ACCGGTATTCCTCCAGATC 101390
Adapter: CACTTTCAGCGGGGAGGAA 101347
Adapter: TACGCATTTCACCGCTACA 101337
Adapter: AGATCTGGAGGAATACCGG 101305
Adapter: CGGTATTCCTCCAGATCTC 101304
Adapter: ACGCATTTCACCGCTACAC 101286
Adapter: TTTCAGCGGGGAGGAAGGC 101275
Adapter: TTCCTCCAGATCTCTACGC 101237
Adapter: AGAGATCTGGAGGAATACC 101221
Adapter: CGCCTTCCTCCCCGCTGAA 101214
Adapter: TAGAGATCTGGAGGAATAC 101194
Adapter: TATTCCTCCAGATCTCTAC 101174
Adapter: ATTCCTCCAGATCTCTACG 101153
Adapter: TCCTCCAGATCTCTACGCA 101072
Adapter: ATCTCTACGCATTTCACCG 101031
Adapter: GATCTCTACGCATTTCACC 100988
Adapter: TCTCTACGCATTTCACCGC 100973
Adapter: ATGCGTAGAGATCTGGAGG 100945
Adapter: AGCGGTGAAATGCGTAGAG 100897
Adapter: AATGCGTAGAGATCTGGAG 100697
Adapter: AAATGCGTAGAGATCTGGA 100610
Adapter: CGCATTTCACCGCTACACC 100577
Adapter: CCAGATCTCTACGCATTTC 100576
Adapter: CAGATCTCTACGCATTTCA 100474
Adapter: AGATCTCTACGCATTTCAC 100470
Adapter: AGGTGTAGCGGTGAAATGC 99766
Adapter: CATTTCACCGCTACACCTG 99732
Adapter: ATTTCACCGCTACACCTGG 99696
Adapter: TCCAGGTGTAGCGGTGAAA 99229
Adapter: TTCACCGCTACACCTGGAA 98708
Adapter: ATTCCAGGTGTAGCGGTGA 98558
Adapter: AATTCCAGGTGTAGCGGTG 98402
Adapter: ACCGCTACACCTGGAATTC 98319
Adapter: AGAATTCCAGGTGTAGCGG 98185
Adapter: CGCTACACCTGGAATTCTA 98054
Adapter: GCTACACCTGGAATTCTAC 97987
Adapter: CTGCGGGTAACGTCAATCG 97960
Adapter: CTACACCTGGAATTCTACC 97766
Adapter: TCTGCGGGTAACGTCAATC 97706
Adapter: ATTGACGTTACCCGCAGAA 97635
Adapter: TACACCTGGAATTCTACCC 97534
Adapter: CTTCTGCGGGTAACGTCAA 97395
Adapter: ACACCTGGAATTCTACCCC 97313
Adapter: CACCTGGAATTCTACCCCC 97190
Adapter: ACCTGGAATTCTACCCCCC 97079
Adapter: AGGGGGGTAGAATTCCAGG 97042
Adapter: CTGGAATTCTACCCCCCTC 97029
Adapter: AGAGGGGGGTAGAATTCCA 97003
Adapter: TAGAGGGGGGTAGAATTCC 96861
Adapter: GAATTCTACCCCCCTCTAC 96829
Adapter: TTACCGCGGCTGCTGGCAC 96662
Adapter: CGTGCCAGCAGCCGCGGTA 96653
Adapter: AATTCTACCCCCCTCTACA 96459
Adapter: ATTACCGCGGCTGCTGGCA 96443
Adapter: TCTTCTGCGGGTAACGTCA 96259
Adapter: TATTACCGCGGCTGCTGGC 96165
Adapter: ATTCTACCCCCCTCTACAA 96092
Adapter: CCAGCAGCCGCGGTAATAC 96023
Adapter: TTCTTCTGCGGGTAACGTC 95986
Adapter: CAGAAGAAGCACCGGCTAA 95891
Adapter: CGGCTAACTCCGTGCCAGC 95858
Adapter: ACGTTACCCGCAGAAGAAG 95855
Adapter: AGAAGAAGCACCGGCTAAC 95852
Adapter: CTTGTAGAGGGGGGTAGAA 95848
Adapter: TGCTGGCACGGAGTTAGCC 95836
Adapter: AGTTAGCCGGTGCTTCTTC 95834
Adapter: CAGCAGCCGCGGTAATACG 95823
Adapter: CGTTACCCGCAGAAGAAGC 95821
Adapter: CTGCTGGCACGGAGTTAGC 95819
Adapter: CTAACTCCGTGCCAGCAGC 95816
Adapter: TAACTCCGTGCCAGCAGCC 95768
Adapter: TGCTTCTTCTGCGGGTAAC 95743
Adapter: AACTCCGTGCCAGCAGCCG 95740
Adapter: ACTCCGTGCCAGCAGCCGC 95722
Adapter: AAGAAGCACCGGCTAACTC 95716
Adapter: TTACCCGCAGAAGAAGCAC 95697
Adapter: CTCCGTGCCAGCAGCCGCG 95669
Adapter: CCGGCTAACTCCGTGCCAG 95666
Adapter: CCGCGGCTGCTGGCACGGA 95666
Adapter: TACCCGCAGAAGAAGCACC 95650
Adapter: ACCCGCAGAAGAAGCACCG 95624
Adapter: CGGAGTTAGCCGGTGCTTC 95614
Adapter: AAGCACCGGCTAACTCCGT 95614
Adapter: ACCGCGGCTGCTGGCACGG 95613
Adapter: AGAAGCACCGGCTAACTCC 95604
Adapter: AGCACCGGCTAACTCCGTG 95601
Adapter: CCCGCAGAAGAAGCACCGG 95578
Adapter: GCACCGGCTAACTCCGTGC 95577
Adapter: CCGCAGAAGAAGCACCGGC 95557
Adapter: CACCGGCTAACTCCGTGCC 95557
Adapter: TAGCCGGTGCTTCTTCTGC 95553
Adapter: ACCGGCTAACTCCGTGCCA 95536
Adapter: AGCCGGTGCTTCTTCTGCG 95528
Adapter: TCTACCCCCCTCTACAAGA 95525
Adapter: CTACCCCCCTCTACAAGAC 95433
Adapter: AGTCTTGTAGAGGGGGGTA 95331
Adapter: ACCCCCCTCTACAAGACTC 95301
Adapter: AGAGTCTTGTAGAGGGGGG 95173
Adapter: CCCCCTCTACAAGACTCTA 95081
Adapter: CAGGCTAGAGTCTTGTAGA 95018
Adapter: CCCTCTACAAGACTCTAGC 95010
Adapter: AGGCTAGAGTCTTGTAGAG 95010
Adapter: CCTCTACAAGACTCTAGCC 94994
Adapter: CTACAAGACTCTAGCCTGC 94982
Adapter: CCCCTCTACAAGACTCTAG 94969
Adapter: TACAAGACTCTAGCCTGCC 94918
Adapter: ACAAGACTCTAGCCTGCCA 94851
Adapter: CAAGACTCTAGCCTGCCAG 94843
Adapter: AGCAGCCGCGGTAATACGG 94519
Adapter: AAGACTCTAGCCTGCCAGT 94360
Adapter: TCCGTATTACCGCGGCTGC 94355
Adapter: AACTGGCAGGCTAGAGTCT 94251
Adapter: CAGCCGCGGTAATACGGAG 94192
Adapter: AAACTGGCAGGCTAGAGTC 94171
Adapter: AGCCGCGGTAATACGGAGG 94130
Adapter: ACTCTAGCCTGCCAGTTTC 94116
Adapter: CTCTAGCCTGCCAGTTTCG 94029
Adapter: CCCTCCGTATTACCGCGGC 93907
Adapter: TCTAGCCTGCCAGTTTCGA 93815
Adapter: ACCCTCCGTATTACCGCGG 93815
Adapter: CACCCTCCGTATTACCGCG 93799
Adapter: GCACCCTCCGTATTACCGC 93759
Adapter: CTAGCCTGCCAGTTTCGAA 93441
Adapter: AGCCTGCCAGTTTCGAATG 93320
Adapter: ATTCGAAACTGGCAGGCTA 93298
Adapter: GCATTCGAAACTGGCAGGC 93141
Adapter: CCTGCCAGTTTCGAATGCA 92997
Adapter: CTGCATTCGAAACTGGCAG 92951
Adapter: ACTGCATTCGAAACTGGCA 92845
Adapter: AACTGCATTCGAAACTGGC 92814
Adapter: CCAGTTTCGAATGCAGTTC 92723
Adapter: CAGTTTCGAATGCAGTTCC 92548
Adapter: CGGTAATACGGAGGGTGCA 92477
Adapter: AGTTTCGAATGCAGTTCCC 92421
Adapter: TGGGAACTGCATTCGAAAC 92212
Adapter: CTGGGAACTGCATTCGAAA 92128
Adapter: CCTGGGAACTGCATTCGAA 91976
Adapter: ACCTGGGAACTGCATTCGA 91690
Adapter: AACCTGGGAACTGCATTCG 91602
Adapter: TTGCACCCTCCGTATTACC 91275
Adapter: CTTGCACCCTCCGTATTAC 91224
Adapter: TAATACGGAGGGTGCAAGC 91164
Adapter: AATACGGAGGGTGCAAGCG 90980
Adapter: ACGCTTGCACCCTCCGTAT 90880
Adapter: AACGCTTGCACCCTCCGTA 90820
Adapter: ACGGAGGGTGCAAGCGTTA 90401
Adapter: CGGAGGGTGCAAGCGTTAA 90184
Adapter: ATTAACGCTTGCACCCTCC 90034
Adapter: GATTAACGCTTGCACCCTC 89993
Adapter: AGGGTGCAAGCGTTAATCG 89774
Adapter: CCGATTAACGCTTGCACCC 89697
Adapter: TCCGATTAACGCTTGCACC 89476
Adapter: AGCCCGGGGATTTCACATC 89231
Adapter: GCCCGGGGATTTCACATCC 88929
Adapter: CCCGGGGATTTCACATCCG 88780
Adapter: CCGGGGATTTCACATCCGA 88670
Adapter: CGGGGATTTCACATCCGAC 88578
Adapter: AGTCGGATGTGAAATCCCC 88327
Adapter: AAGTCGGATGTGAAATCCC 88224
Adapter: TTCCGATTAACGCTTGCAC 88104
Adapter: CAAGTCGGATGTGAAATCC 88092
Adapter: ATTCCGATTAACGCTTGCA 88078
Adapter: AATTCCGATTAACGCTTGC 87921
Adapter: CAGTAATTCCGATTAACGC 87864
Adapter: AGCGTTAATCGGAATTACT 87841
Adapter: CCAGTAATTCCGATTAACG 87766
Adapter: CCCAGTAATTCCGATTAAC 87741
Adapter: TCAAGTCGGATGTGAAATC 87729
Adapter: TTAATCGGAATTACTGGGC 87702
Adapter: CGCCCAGTAATTCCGATTA 87650
Adapter: ATTTCACATCCGACTTGAC 87565
Adapter: CAAGCGTTAATCGGAATTA 87482
Adapter: AAGCGTTAATCGGAATTAC 87419
Adapter: TTTCACATCCGACTTGACA 87224
Adapter: AATCGGAATTACTGGGCGT 87201
Adapter: CTGTCAAGTCGGATGTGAA 87062
Adapter: ACTGGGCGTAAAGCGCACG 86988
Adapter: ATCGGAATTACTGGGCGTA 86854
Adapter: TCACATCCGACTTGACAGA 86717
Adapter: CACATCCGACTTGACAGAC 86638
Adapter: ACATCCGACTTGACAGACC 86546
Adapter: CATCCGACTTGACAGACCG 86506
Adapter: ATCCGACTTGACAGACCGC 86476
Adapter: TCCGACTTGACAGACCGCC 86434
Adapter: AGGCGGTCTGTCAAGTCGG 86385
Adapter: CAGGCGGTCTGTCAAGTCG 86339
Adapter: GACTTGACAGACCGCCTGC 86328
Adapter: ACTTGACAGACCGCCTGCG 86265
Adapter: ACGCAGGCGGTCTGTCAAG 86045
Adapter: CACGCAGGCGGTCTGTCAA 86011
Adapter: TGACAGACCGCCTGCGTGC 85929
Adapter: CGCACGCAGGCGGTCTGTC 85863
Adapter: ACAGACCGCCTGCGTGCGC 85749
Adapter: CGGAATTACTGGGCGTAAA 85679
Adapter: TCGGAATTACTGGGCGTAA 85357
Adapter: AGCGCACGCAGGCGGTCTG 84980
Adapter: AAGCGCACGCAGGCGGTCT 84799
Adapter: AAAGCGCACGCAGGCGGTC 84563
Adapter: ACCGCCTGCGTGCGCTTTA 84139
Adapter: CCGCCTGCGTGCGCTTTAC 84080
Adapter: CGCCTGCGTGCGCTTTACG 84000
Adapter: GCCTGCGTGCGCTTTACGC 83979
Adapter: CCTGCGTGCGCTTTACGCC 83838
Adapter: CTGGGCGTAAAGCGCACGC 83756
Adapter: CTGCGTGCGCTTTACGCCC 83677
Adapter: TGCGTGCGCTTTACGCCCA 83402
Adapter: CCCGGGCTCAACCTGGGAA 80935
Adapter: CCGGGCTCAACCTGGGAAC 80926
Adapter: CCCCGGGCTCAACCTGGGA 80890
Adapter: CAACCTGGGAACTGCATTC 80838
Adapter: TGCAGTTCCCAGGTTGAGC 80760
Adapter: ATGCAGTTCCCAGGTTGAG 80750
Adapter: GCAGTTCCCAGGTTGAGCC 80706
Adapter: AATGCAGTTCCCAGGTTGA 80690
Adapter: CAGTTCCCAGGTTGAGCCC 80637
Adapter: AGTTCCCAGGTTGAGCCCG 80544
Adapter: CCCAGGTTGAGCCCGGGGA 80171
Adapter: ATCCCCGGGCTCAACCTGG 80076
Adapter: AATCCCCGGGCTCAACCTG 79999
Adapter: AAATCCCCGGGCTCAACCT 79695
Adapter: GAAATCCCCGGGCTCAACC 79639
Adapter: TGAAATCCCCGGGCTCAAC 79501
Adapter: TTGAGCCCGGGGATTTCAC 79445
Adapter: TGAGCCCGGGGATTTCACA 79054
Adapter: ATGTGAAATCCCCGGGCTC 78893
Adapter: TCGATTGACGTTACCCGCA 62093
Adapter: AGCAAACAGGATTAGATAC 55867
Adapter: GCAAACAGGATTAGATACC 55835
Adapter: CAAACAGGATTAGATACCC 55764
Adapter: ATCTAATCCTGTTTGCTCC 55601
Adapter: TATCTAATCCTGTTTGCTC 55509
Adapter: AGCAAACAGGATTAGAAAC 54516
Adapter: GCAAACAGGATTAGAAACC 54492
Adapter: CAAACAGGATTAGAAACCC 54398
Adapter: TTCTAATCCTGTTTGCTCC 54289
Adapter: TTTCTAATCCTGTTTGCTC 54197
Adapter: TCAGCGGGGAGGAAGGCGA 38383
Adapter: ATCGCCTTCCTCCCCGCTG 38374
Adapter: AGCGGGGAGGAAGGCGATA 38362
Adapter: TTATCGCCTTCCTCCCCGC 38348
Adapter: CTTATCGCCTTCCTCCCCG 38316
Adapter: CCTTATCGCCTTCCTCCCC 38298
Adapter: AACCTTATCGCCTTCCTCC 38253
Adapter: ACCTTATCGCCTTCCTCCC 38244
Adapter: TAACCTTATCGCCTTCCTC 38193
Adapter: AGGAAGGCGATAAGGTTAA 38155
Adapter: ATTAACCTTATCGCCTTCC 38151
Adapter: TATTAACCTTATCGCCTTC 38122
Adapter: AAGGCGATAAGGTTAATAA 38084
Adapter: AGGCGATAAGGTTAATAAC 38050
Adapter: GGCGATAAGGTTAATAACC 38007
Adapter: AGGTTATTAACCTTATCGC 37965
Adapter: CCGCCTTCCTCCCCGCTGA 37701
Adapter: AGGTTAATAACCTTGTCGA 37692
Adapter: ACCGCCTTCCTCCCCGCTG 37687
Adapter: AGCGGGGAGGAAGGCGGTG 37669
Adapter: TCACCGCCTTCCTCCCCGC 37660
Adapter: CTCACCGCCTTCCTCCCCG 37640
Adapter: CCTCACCGCCTTCCTCCCC 37615
Adapter: AACCTCACCGCCTTCCTCC 37575
Adapter: ACCTCACCGCCTTCCTCCC 37568
Adapter: ATCGACAAGGTTATTAACC 37553
Adapter: AATCGACAAGGTTATTAAC 37527
Adapter: CAATCGACAAGGTTATTAA 37473
Adapter: TAACCTCACCGCCTTCCTC 37471
Adapter: AGGAAGGCGGTGAGGTTAA 37421
Adapter: ATTAACCTCACCGCCTTCC 37412
Adapter: TATTAACCTCACCGCCTTC 37399
Adapter: AAGGCGGTGAGGTTAATAA 37386
Adapter: AGGCGGTGAGGTTAATAAC 37369
Adapter: GGCGGTGAGGTTAATAACC 37352
Adapter: AGGTTATTAACCTCACCGC 37346
Adapter: AAGGTTATTAACCTTATCG 37215
Adapter: CAAGGTTATTAACCTTATC 37185
Adapter: TAATAACCTTGTCGATTGA 37170
Adapter: AATAACCTTGTCGATTGAC 37140
Adapter: ATAACCTTGTCGATTGACG 37113
Adapter: ACGTCAATCGACAAGGTTA 37052
Adapter: AACCTTGTCGATTGACGTT 37020
Adapter: TAAGGTTAATAACCTTGTC 37016
Adapter: AAGGTTAATAACCTTGTCG 36988
Adapter: ACCTTGTCGATTGACGTTA 36965
Adapter: CCTTGTCGATTGACGTTAC 36896
Adapter: CTTGTCGATTGACGTTACC 36864
Adapter: TTGTCGATTGACGTTACCC 36811
Adapter: CGGGTAACGTCAATCGACA 36784
Adapter: GCGGGTAACGTCAATCGAC 36775
Adapter: CGGTGAGGTTAATAACCTC 35988
Adapter: TGAGGTTATTAACCTCACC 35971
Adapter: ACAAGGTTATTAACCTTAT 35944
Adapter: CCCCCCCCCCCCCCCCCCC 35601
Adapter: AGGTTAATAACCTCATCGA 25665
Adapter: ATCGATGAGGTTATTAACC 25592
Adapter: AATCGATGAGGTTATTAAC 25584
Adapter: CAATCGATGAGGTTATTAA 25572
Adapter: TAATAACCTCATCGATTGA 25510
Adapter: AATAACCTCATCGATTGAC 25501
Adapter: ATAACCTCATCGATTGACG 25488
Adapter: ACGTCAATCGATGAGGTTA 25481
Adapter: AACCTCATCGATTGACGTT 25469
Adapter: ACCTCATCGATTGACGTTA 25453
Adapter: CCTCATCGATTGACGTTAC 25431
Adapter: CTCATCGATTGACGTTACC 25411
Adapter: TCATCGATTGACGTTACCC 25385
Adapter: CATCGATTGACGTTACCCG 25366
Adapter: ATCGATTGACGTTACCCGC 25366
Adapter: ACGCCTTCCTCCCCGCTGA 25124
Adapter: AACGCCTTCCTCCCCGCTG 25119
Adapter: AGCGGGGAGGAAGGCGTTA 25110
Adapter: TTAACGCCTTCCTCCCCGC 25107
Adapter: CTTAACGCCTTCCTCCCCG 25088
Adapter: AACCTTAACGCCTTCCTCC 25083
Adapter: CCTTAACGCCTTCCTCCCC 25075
Adapter: ACCTTAACGCCTTCCTCCC 25073
Adapter: TAACCTTAACGCCTTCCTC 25062
Adapter: AGGAAGGCGTTAAGGTTAA 25049
Adapter: ATTAACCTTAACGCCTTCC 25044
Adapter: TATTAACCTTAACGCCTTC 25029
Adapter: AGGTTAATAACCTTGGCGA 25011
Adapter: AAGGCGTTAAGGTTAATAA 24998
Adapter: AGGCGTTAAGGTTAATAAC 24965
Adapter: AATCGCCAAGGTTATTAAC 24950
Adapter: ATGAGGTTATTAACCTCAC 24949
Adapter: ATCGCCAAGGTTATTAACC 24949
Adapter: TGAGGTTAATAACCTCATC 24939
Adapter: CAATCGCCAAGGTTATTAA 24939
Adapter: GGCGTTAAGGTTAATAACC 24928
Adapter: CGATGAGGTTATTAACCTC 24909
Adapter: AGGTTATTAACCTTAACGC 24895
Adapter: TAATAACCTTGGCGATTGA 24867
Adapter: AATAACCTTGGCGATTGAC 24863
Adapter: ATAACCTTGGCGATTGACG 24852
Adapter: ACGTCAATCGCCAAGGTTA 24837
Adapter: AACCTTGGCGATTGACGTT 24825
Adapter: ACCTTGGCGATTGACGTTA 24811
Adapter: CCTTGGCGATTGACGTTAC 24794
Adapter: CTTGGCGATTGACGTTACC 24775
Adapter: TTGGCGATTGACGTTACCC 24753
Adapter: GCGGGTAACGTCAATCGCC 24736
Adapter: CGGGTAACGTCAATCGCCA 24736
Adapter: TGCGGGTAACGTCAATCGC 24727
Adapter: TAAGGTTAATAACCTTGGC 24507
Adapter: AAGGTTAATAACCTTGGCG 24497
Adapter: AAGGTTATTAACCTTAACG 24427
Adapter: CAAGGTTATTAACCTTAAC 24403
Adapter: CCAAGGTTATTAACCTTAA 23292
Adapter: AAACAGGATTAGAAACCCG 19179
Adapter: AAACAGGATTAGAAACCCT 19178
Adapter: AAACAGGATTAGATACCCG 18963
Adapter: AAACAGGATTAGATACCCT 18606
Adapter: AAACAGGATTAGATACCCC 18110
Adapter: AAACAGGATTAGAAACCCC 15957

Kmer len: 21
Raw kmers: 823012 Memory needed (GB): 0.0158018 Memory available (GB): 29.9849 1 cycle(s) will be performed
Distinct kmers: 74148
Kmer count in  0.034527s wall, 0.060000s user + 0.030000s system = 0.090000s CPU (260.7%)
Uniq kmers merging in  0.006543s wall, 0.010000s user + 0.000000s system = 0.010000s CPU (152.8%)
Kmers branching in  0.020946s wall, 0.110000s user + 0.010000s system = 0.120000s CPU (572.9%)

Average read length: 16
Genome size estimate: 68843

Kmer: 21 Graph size: 74148 Contigs in: 0
Valley: 0

Mark used kmers in  0.000001s wall, 0.000000s user + 0.000000s system = 0.000000s CPU (n/a%)
Kmers in multiple/single contigs: 0 0
Fragments before: 370 38956
Fragments after: 352 38956
New seeds: 180
New seeds in  0.119116s wall, 0.890000s user + 0.000000s system = 0.890000s CPU (747.2%)
Fragments before: 360 7560
Fragments after: 360 7560
Connectors: 0 Extenders: 360
Connections and extensions in  0.009491s wall, 0.010000s user + 0.000000s system = 0.010000s CPU (105.4%)
Contigs out: 180 Genome: 22601 N50: 152 L50: 55
Assembled in  0.129117s wall, 0.900000s user + 0.000000s system = 0.900000s CPU (697.0%)


Average count: 3.82547 Max kmer: 21
Connected: 362 ambiguously connected: 15 from 8748 mate pairs
Connect pairs in  3.261574s wall, 19.900000s user + 0.050000s system = 19.950000s CPU (611.7%)

N50 for inserts: 291

Seed kmers: 0
Cleaned reads: 6416
Reads for connection: 17496
Internal reads: 0
Reads cleaned in  0.044767s wall, 0.210000s user + 0.000000s system = 0.210000s CPU (469.1%)
WARNING: iterations are disabled

Connecting mate pairs using kmer length: 21
Connected: 362 ambiguously connected: 15 from 8748 mate pairs
Connect pairs in  1.617224s wall, 9.790000s user + 0.030000s system = 9.820000s CPU (607.2%)
Totally connected: 362
Added notconnected: 30

Kmer len: 25
Raw kmers: 81414 Memory needed (GB): 0.00156315 Memory available (GB): 29.9976 1 cycle(s) will be performed
Distinct kmers: 9597
Kmer count in  0.021562s wall, 0.000000s user + 0.020000s system = 0.020000s CPU (92.8%)
Uniq kmers merging in  0.004936s wall, 0.010000s user + 0.000000s system = 0.010000s CPU (202.6%)
Kmers branching in  0.003466s wall, 0.000000s user + 0.000000s system = 0.000000s CPU (n/a%)
Kmer: 25 Graph size: 9597 Contigs in: 180
Valley: 0

Mark used kmers in  0.002214s wall, 0.000000s user + 0.000000s system = 0.000000s CPU (n/a%)
Kmers in multiple/single contigs: 0 6410
Fragments before: 96 2862
Fragments after: 86 2862
New seeds: 2
New seeds in  0.003389s wall, 0.000000s user + 0.000000s system = 0.000000s CPU (n/a%)
Fragments before: 81 2259
Fragments after: 80 2259
Connectors: 1 Extenders: 79
Connections and extensions in  0.004052s wall, 0.000000s user + 0.000000s system = 0.000000s CPU (n/a%)
Contigs out: 181 Genome: 22873 N50: 159 L50: 55
Assembled in  0.009794s wall, 0.000000s user + 0.000000s system = 0.000000s CPU (n/a%)


Kmer len: 157
Raw kmers: 35118 Memory needed (GB): 0.0020228 Memory available (GB): 29.9974 1 cycle(s) will be performed
Distinct kmers: 3786
Kmer count in  0.005063s wall, 0.000000s user + 0.010000s system = 0.010000s CPU (197.5%)
Uniq kmers merging in  0.003965s wall, 0.000000s user + 0.000000s system = 0.000000s CPU (n/a%)
Kmers branching in  0.001827s wall, 0.000000s user + 0.000000s system = 0.000000s CPU (n/a%)
Kmer: 157 Graph size: 3786 Contigs in: 181
Valley: 0

Mark used kmers in  0.000531s wall, 0.000000s user + 0.000000s system = 0.000000s CPU (n/a%)
Kmers in multiple/single contigs: 0 2246
Fragments before: 57 1431
Fragments after: 50 1431
New seeds: 0
New seeds in  0.001726s wall, 0.000000s user + 0.000000s system = 0.000000s CPU (n/a%)
Fragments before: 50 1431
Fragments after: 50 1431
Connectors: 0 Extenders: 50
Connections and extensions in  0.002912s wall, 0.000000s user + 0.000000s system = 0.000000s CPU (n/a%)
Contigs out: 56 Genome: 11648 N50: 189 L50: 23
Assembled in  0.005221s wall, 0.000000s user + 0.000000s system = 0.000000s CPU (n/a%)


Kmer len: 291
Raw kmers: 10333 Memory needed (GB): 0.00109116 Memory available (GB): 29.9972 1 cycle(s) will be performed
Distinct kmers: 838
Kmer count in  0.004614s wall, 0.000000s user + 0.010000s system = 0.010000s CPU (216.7%)
Uniq kmers merging in  0.003935s wall, 0.000000s user + 0.000000s system = 0.000000s CPU (n/a%)
Kmers branching in  0.000744s wall, 0.000000s user + 0.000000s system = 0.000000s CPU (n/a%)
Kmer: 291 Graph size: 838 Contigs in: 56
Valley: 0

Mark used kmers in  0.000402s wall, 0.000000s user + 0.000000s system = 0.000000s CPU (n/a%)
Kmers in multiple/single contigs: 0 255
Fragments before: 27 466
Fragments after: 15 466
New seeds: 0
New seeds in  0.001309s wall, 0.000000s user + 0.000000s system = 0.000000s CPU (n/a%)
Fragments before: 12 322
Fragments after: 12 322
Connectors: 0 Extenders: 12
Connections and extensions in  0.002058s wall, 0.000000s user + 0.000000s system = 0.000000s CPU (n/a%)
Contigs out: 6 Genome: 1995 N50: 315 L50: 3
Assembled in  0.003808s wall, 0.000000s user + 0.000000s system = 0.000000s CPU (n/a%)

DONE
