skesa --fastq SRR19965991_trimmed_R1.fastq.gz SRR19965991_trimmed_R2.fastq.gz --contigs_out SRR19965991_contigs.fasta 

Total reads: 115332
Reads acquired in  1.122078s wall, 1.120000s user + 0.000000s system = 1.120000s CPU (99.8%)

Kmer len: 19
Raw kmers: 23479389 Memory needed (GB): 0.450804 Memory available (GB): 29.991 1 cycle(s) will be performed
Distinct kmers: 1853
Kmer count in  1.136981s wall, 7.620000s user + 0.540000s system = 8.160000s CPU (717.7%)
Uniq kmers merging in  0.025238s wall, 0.000000s user + 0.040000s system = 0.040000s CPU (158.5%)
Clipping point: 0 106579
Clipping point: 1 442
Clipping point: 2 382
Clipping point: 3 866
Clipping point: 4 151
Clipping point: 5 622
Clipping point: 6 660
Clipping point: 7 868
Clipping point: 8 1031
Clipping point: 9 158
Clipping point: 10 83
Clipping point: 11 284
Clipping point: 12 97
Clipping point: 13 73
Clipping point: 14 104
Clipping point: 15 21
Clipping point: 16 44
Clipping point: 17 540
Clipping point: 18 14
Clipping point: 19 9
Clipping point: 20 2
Clipping point: 21 3
Clipping point: 22 8
Clipping point: 24 4
Clipping point: 30 1
Clipping point: 31 1
Clipping point: 32 2
Clipping point: 33 5
Clipping point: 52 1
Clipping point: 58 1
Clipping point: 59 1
Clipping point: 67 1
Clipping point: 69 2
Clipping point: 70 1
Clipping point: 72 1
Clipping point: 74 3
Clipping point: 75 1
Clipping point: 147 1
Clipping point: 150 1
Clipping point: 151 3
Clipping point: 152 4
Clipping point: 153 1
Clipping point: 155 2
Clipping point: 159 1
Clipping point: 160 3
Clipping point: 161 4
Clipping point: 162 1
Clipping point: 167 1
Clipping point: 168 2
Clipping point: 169 1
Clipping point: 175 8
Clipping point: 176 2
Clipping point: 177 1
Adapters: 317 Reads before: 115332 Sequence before: 25555365 Reads after: 8753 Sequence after: 438010 Reads clipped: 113102
Adapters clipped in  1.178230s wall, 7.650000s user + 0.590000s system = 8.240000s CPU (699.4%)
Adapter: CAATATTCCCCACTGCTGC 109751
Adapter: ATTCCCCACTGCTGCCTCC 109628
Adapter: AATATTCCCCACTGCTGCC 109627
Adapter: CAGTGGGGAATATTGCACA 109514
Adapter: AGTGGGGAATATTGCACAA 109451
Adapter: ATTGTGCAATATTCCCCAC 109310
Adapter: ATATTCCCCACTGCTGCCT 109301
Adapter: TATTCCCCACTGCTGCCTC 109290
Adapter: CATTGTGCAATATTCCCCA 109181
Adapter: CCATTGTGCAATATTCCCC 109027
Adapter: CAGCAGTGGGGAATATTGC 109014
Adapter: GCAGTGGGGAATATTGCAC 108941
Adapter: AGCAGTGGGGAATATTGCA 108939
Adapter: CCCATTGTGCAATATTCCC 108836
Adapter: GCCCATTGTGCAATATTCC 108639
Adapter: CGCCCATTGTGCAATATTC 108516
Adapter: TTCCCCACTGCTGCCTCCC 108388
Adapter: AATATTGCACAATGGGCGC 108249
Adapter: ATATTGCACAATGGGCGCA 108223
Adapter: TATTGCACAATGGGCGCAA 108136
Adapter: ATTGCACAATGGGCGCAAG 108003
Adapter: TTGCACAATGGGCGCAAGC 107943
Adapter: ACAATGGGCGCAAGCCTGA 107923
Adapter: TGCACAATGGGCGCAAGCC 107857
Adapter: ATCAGGCTTGCGCCCATTG 107844
Adapter: AGGCTTGCGCCCATTGTGC 107753
Adapter: CACAATGGGCGCAAGCCTG 107720
Adapter: CGGGAGGCAGCAGTGGGGA 107684
Adapter: AATGGGCGCAAGCCTGATG 107523
Adapter: ATGGGCGCAAGCCTGATGC 107468
Adapter: GCTGCATCAGGCTTGCGCC 107460
Adapter: TGCATCAGGCTTGCGCCCA 107451
Adapter: CTGCATCAGGCTTGCGCCC 107407
Adapter: GCGCAAGCCTGATGCAGCC 107286
Adapter: CGCAAGCCTGATGCAGCCA 107225
Adapter: ACGGGAGGCAGCAGTGGGG 107137
Adapter: ATGGCTGCATCAGGCTTGC 107077
Adapter: CAAGCCTGATGCAGCCATG 107035
Adapter: AAGCCTGATGCAGCCATGC 106968
Adapter: AGCCTGATGCAGCCATGCC 106954
Adapter: CCTGATGCAGCCATGCCGC 106924
Adapter: CGGCATGGCTGCATCAGGC 106923
Adapter: CTGATGCAGCCATGCCGCG 106889
Adapter: ACGCGGCATGGCTGCATCA 106811
Adapter: CACACACGCGGCATGGCTG 106778
Adapter: CACGCGGCATGGCTGCATC 106761
Adapter: ACACGCGGCATGGCTGCAT 106610
Adapter: CCCACTGCTGCCTCCCGTA 106499
Adapter: CCACTGCTGCCTCCCGTAG 106498
Adapter: ACTCCTACGGGAGGCAGCA 106402
Adapter: CACACGCGGCATGGCTGCA 106380
Adapter: CTCCTACGGGAGGCAGCAG 106356
Adapter: ACACACGCGGCATGGCTGC 106317
Adapter: ACTGCTGCCTCCCGTAGGA 106224
Adapter: CACTGCTGCCTCCCGTAGG 106061
Adapter: AGCCATGCCGCGTGTGTGA 105947
Adapter: TTCACACACGCGGCATGGC 105178
Adapter: CCATGCCGCGTGTGTGAAG 105083
Adapter: CATGCCGCGTGTGTGAAGA 104266
Adapter: ATGCCGCGTGTGTGAAGAA 103717
Adapter: CTTCTTCACACACGCGGCA 103601
Adapter: CCTTCTTCACACACGCGGC 103593
Adapter: CCGCGTGTGTGAAGAAGGC 103520
Adapter: CGCGTGTGTGAAGAAGGCC 103418
Adapter: TTACAACCCGAAGGCCTTC 102965
Adapter: AGGCCTTCTTCACACACGC 102938
Adapter: AAGGCCTTCGGGTTGTAAA 102923
Adapter: AAGGCCTTCTTCACACACG 102878
Adapter: GAAGGCCTTCTTCACACAC 102761
Adapter: CAACCCGAAGGCCTTCTTC 102733
Adapter: AGGCCTTCGGGTTGTAAAG 102731
Adapter: AACCCGAAGGCCTTCTTCA 102683
Adapter: AAGAAGGCCTTCGGGTTGT 102682
Adapter: AAAGTGCTTTACAACCCGA 102679
Adapter: CGAAGGCCTTCTTCACACA 102666
Adapter: AGAAGGCCTTCGGGTTGTA 102665
Adapter: CCGAAGGCCTTCTTCACAC 102633
Adapter: ACCCGAAGGCCTTCTTCAC 102631
Adapter: CCCGAAGGCCTTCTTCACA 102610
Adapter: GCTTTACAACCCGAAGGCC 102555
Adapter: CGGGTTGTAAAGCACTTTC 102524
Adapter: TGAAAGTGCTTTACAACCC 102439
Adapter: TGCTTTACAACCCGAAGGC 102429
Adapter: CTGAAAGTGCTTTACAACC 102407
Adapter: CCTTCGGGTTGTAAAGCAC 102394
Adapter: AGTGCTTTACAACCCGAAG 102380
Adapter: AAGTGCTTTACAACCCGAA 102335
Adapter: GCTGAAAGTGCTTTACAAC 101916
Adapter: CGCTGAAAGTGCTTTACAA 101818
Adapter: CCGCTGAAAGTGCTTTACA 101681
Adapter: CCCGCTGAAAGTGCTTTAC 101641
Adapter: CCCCGCTGAAAGTGCTTTA 101613
Adapter: AAAGCACTTTCAGCGGGGA 101579
Adapter: AAGCACTTTCAGCGGGGAG 101554
Adapter: AGCACTTTCAGCGGGGAGG 101531
Adapter: ACTTTCAGCGGGGAGGAAG 101478
Adapter: CCTTCCTCCCCGCTGAAAG 101437
Adapter: TCCTCCCCGCTGAAAGTGC 101406
Adapter: CACTTTCAGCGGGGAGGAA 101329
Adapter: TTTCAGCGGGGAGGAAGGC 101261
Adapter: CGCCTTCCTCCCCGCTGAA 101200
Adapter: CTGCGGGTAACGTCAATCG 97943
Adapter: TCTGCGGGTAACGTCAATC 97689
Adapter: ATTGACGTTACCCGCAGAA 97618
Adapter: CTTCTGCGGGTAACGTCAA 97378
Adapter: TTACCGCGGCTGCTGGCAC 96644
Adapter: CGTGCCAGCAGCCGCGGTA 96634
Adapter: ATTACCGCGGCTGCTGGCA 96425
Adapter: TCTTCTGCGGGTAACGTCA 96242
Adapter: TATTACCGCGGCTGCTGGC 96146
Adapter: CCAGCAGCCGCGGTAATAC 96004
Adapter: TTCTTCTGCGGGTAACGTC 95969
Adapter: CAGAAGAAGCACCGGCTAA 95874
Adapter: CGGCTAACTCCGTGCCAGC 95841
Adapter: ACGTTACCCGCAGAAGAAG 95838
Adapter: AGAAGAAGCACCGGCTAAC 95835
Adapter: TGCTGGCACGGAGTTAGCC 95819
Adapter: AGTTAGCCGGTGCTTCTTC 95817
Adapter: CGTTACCCGCAGAAGAAGC 95804
Adapter: CAGCAGCCGCGGTAATACG 95804
Adapter: CTGCTGGCACGGAGTTAGC 95802
Adapter: CTAACTCCGTGCCAGCAGC 95799
Adapter: TAACTCCGTGCCAGCAGCC 95751
Adapter: TGCTTCTTCTGCGGGTAAC 95726
Adapter: AACTCCGTGCCAGCAGCCG 95722
Adapter: ACTCCGTGCCAGCAGCCGC 95704
Adapter: AAGAAGCACCGGCTAACTC 95699
Adapter: TTACCCGCAGAAGAAGCAC 95680
Adapter: CTCCGTGCCAGCAGCCGCG 95651
Adapter: CCGGCTAACTCCGTGCCAG 95649
Adapter: CCGCGGCTGCTGGCACGGA 95648
Adapter: TACCCGCAGAAGAAGCACC 95633
Adapter: ACCCGCAGAAGAAGCACCG 95607
Adapter: CGGAGTTAGCCGGTGCTTC 95597
Adapter: AAGCACCGGCTAACTCCGT 95597
Adapter: ACCGCGGCTGCTGGCACGG 95595
Adapter: AGAAGCACCGGCTAACTCC 95587
Adapter: AGCACCGGCTAACTCCGTG 95584
Adapter: CCCGCAGAAGAAGCACCGG 95561
Adapter: GCACCGGCTAACTCCGTGC 95560
Adapter: CCGCAGAAGAAGCACCGGC 95540
Adapter: CACCGGCTAACTCCGTGCC 95540
Adapter: TAGCCGGTGCTTCTTCTGC 95536
Adapter: ACCGGCTAACTCCGTGCCA 95519
Adapter: AGCCGGTGCTTCTTCTGCG 95511
Adapter: AGCAGCCGCGGTAATACGG 94501
Adapter: TCCGTATTACCGCGGCTGC 94337
Adapter: CAGCCGCGGTAATACGGAG 94174
Adapter: AGCCGCGGTAATACGGAGG 94112
Adapter: CCCTCCGTATTACCGCGGC 93889
Adapter: ACCCTCCGTATTACCGCGG 93797
Adapter: CACCCTCCGTATTACCGCG 93781
Adapter: GCACCCTCCGTATTACCGC 93741
Adapter: CGGTAATACGGAGGGTGCA 92459
Adapter: TTGCACCCTCCGTATTACC 91257
Adapter: CTTGCACCCTCCGTATTAC 91206
Adapter: TAATACGGAGGGTGCAAGC 91146
Adapter: AATACGGAGGGTGCAAGCG 90962
Adapter: ACGCTTGCACCCTCCGTAT 90862
Adapter: AACGCTTGCACCCTCCGTA 90805
Adapter: ACGGAGGGTGCAAGCGTTA 90386
Adapter: CGGAGGGTGCAAGCGTTAA 90168
Adapter: ATTAACGCTTGCACCCTCC 90018
Adapter: GATTAACGCTTGCACCCTC 89977
Adapter: AGGGTGCAAGCGTTAATCG 89758
Adapter: CCGATTAACGCTTGCACCC 89681
Adapter: TCCGATTAACGCTTGCACC 89460
Adapter: TTCCGATTAACGCTTGCAC 88088
Adapter: ATTCCGATTAACGCTTGCA 88062
Adapter: AATTCCGATTAACGCTTGC 87905
Adapter: CAGTAATTCCGATTAACGC 87848
Adapter: AGCGTTAATCGGAATTACT 87825
Adapter: CCAGTAATTCCGATTAACG 87750
Adapter: CCCAGTAATTCCGATTAAC 87726
Adapter: TTAATCGGAATTACTGGGC 87687
Adapter: CGCCCAGTAATTCCGATTA 87635
Adapter: CAAGCGTTAATCGGAATTA 87466
Adapter: AAGCGTTAATCGGAATTAC 87403
Adapter: AATCGGAATTACTGGGCGT 87181
Adapter: ATCGGAATTACTGGGCGTA 86806
Adapter: TCGGAATTACTGGGCGTAA 85181
Adapter: CGGAATTACTGGGCGTAAA 84034
Adapter: CTTTACGCCCAGTAATTCC 83837
Adapter: GAATTACTGGGCGTAAAGC 83660
Adapter: AATTACTGGGCGTAAAGCG 83535
Adapter: ATTACTGGGCGTAAAGCGC 83385
Adapter: TTACTGGGCGTAAAGCGCA 83053
Adapter: TACTGGGCGTAAAGCGCAC 82353
Adapter: TCGATTGACGTTACCCGCA 62084
Adapter: TCAGCGGGGAGGAAGGCGA 38380
Adapter: ATCGCCTTCCTCCCCGCTG 38371
Adapter: AGCGGGGAGGAAGGCGATA 38359
Adapter: TTATCGCCTTCCTCCCCGC 38345
Adapter: CTTATCGCCTTCCTCCCCG 38313
Adapter: CCTTATCGCCTTCCTCCCC 38295
Adapter: AACCTTATCGCCTTCCTCC 38250
Adapter: ACCTTATCGCCTTCCTCCC 38241
Adapter: TAACCTTATCGCCTTCCTC 38190
Adapter: AGGAAGGCGATAAGGTTAA 38152
Adapter: ATTAACCTTATCGCCTTCC 38148
Adapter: TATTAACCTTATCGCCTTC 38119
Adapter: AAGGCGATAAGGTTAATAA 38081
Adapter: AGGCGATAAGGTTAATAAC 38047
Adapter: GGCGATAAGGTTAATAACC 38003
Adapter: AGGTTATTAACCTTATCGC 37961
Adapter: CCGCCTTCCTCCCCGCTGA 37694
Adapter: AGGTTAATAACCTTGTCGA 37688
Adapter: ACCGCCTTCCTCCCCGCTG 37680
Adapter: AGCGGGGAGGAAGGCGGTG 37662
Adapter: TCACCGCCTTCCTCCCCGC 37653
Adapter: CTCACCGCCTTCCTCCCCG 37633
Adapter: CCTCACCGCCTTCCTCCCC 37608
Adapter: AACCTCACCGCCTTCCTCC 37568
Adapter: ACCTCACCGCCTTCCTCCC 37561
Adapter: ATCGACAAGGTTATTAACC 37549
Adapter: AATCGACAAGGTTATTAAC 37523
Adapter: CAATCGACAAGGTTATTAA 37469
Adapter: TAACCTCACCGCCTTCCTC 37464
Adapter: AGGAAGGCGGTGAGGTTAA 37414
Adapter: ATTAACCTCACCGCCTTCC 37405
Adapter: TATTAACCTCACCGCCTTC 37392
Adapter: AAGGCGGTGAGGTTAATAA 37379
Adapter: AGGCGGTGAGGTTAATAAC 37362
Adapter: GGCGGTGAGGTTAATAACC 37345
Adapter: AGGTTATTAACCTCACCGC 37339
Adapter: AAGGTTATTAACCTTATCG 37211
Adapter: CAAGGTTATTAACCTTATC 37181
Adapter: TAATAACCTTGTCGATTGA 37166
Adapter: AATAACCTTGTCGATTGAC 37136
Adapter: ATAACCTTGTCGATTGACG 37109
Adapter: ACGTCAATCGACAAGGTTA 37048
Adapter: AACCTTGTCGATTGACGTT 37016
Adapter: TAAGGTTAATAACCTTGTC 37012
Adapter: AAGGTTAATAACCTTGTCG 36984
Adapter: ACCTTGTCGATTGACGTTA 36960
Adapter: CCTTGTCGATTGACGTTAC 36891
Adapter: CTTGTCGATTGACGTTACC 36859
Adapter: TTGTCGATTGACGTTACCC 36806
Adapter: CGGGTAACGTCAATCGACA 36779
Adapter: GCGGGTAACGTCAATCGAC 36770
Adapter: CGGTGAGGTTAATAACCTC 35982
Adapter: TGAGGTTATTAACCTCACC 35965
Adapter: ACAAGGTTATTAACCTTAT 35940
Adapter: AGGTTAATAACCTCATCGA 25662
Adapter: ATCGATGAGGTTATTAACC 25589
Adapter: AATCGATGAGGTTATTAAC 25581
Adapter: CAATCGATGAGGTTATTAA 25568
Adapter: TAATAACCTCATCGATTGA 25506
Adapter: AATAACCTCATCGATTGAC 25497
Adapter: ATAACCTCATCGATTGACG 25484
Adapter: ACGTCAATCGATGAGGTTA 25477
Adapter: AACCTCATCGATTGACGTT 25465
Adapter: ACCTCATCGATTGACGTTA 25449
Adapter: CCTCATCGATTGACGTTAC 25427
Adapter: CTCATCGATTGACGTTACC 25407
Adapter: TCATCGATTGACGTTACCC 25381
Adapter: CATCGATTGACGTTACCCG 25362
Adapter: ATCGATTGACGTTACCCGC 25362
Adapter: ACGCCTTCCTCCCCGCTGA 25120
Adapter: AACGCCTTCCTCCCCGCTG 25115
Adapter: AGCGGGGAGGAAGGCGTTA 25105
Adapter: TTAACGCCTTCCTCCCCGC 25102
Adapter: CTTAACGCCTTCCTCCCCG 25083
Adapter: AACCTTAACGCCTTCCTCC 25078
Adapter: CCTTAACGCCTTCCTCCCC 25070
Adapter: ACCTTAACGCCTTCCTCCC 25068
Adapter: TAACCTTAACGCCTTCCTC 25057
Adapter: AGGAAGGCGTTAAGGTTAA 25044
Adapter: ATTAACCTTAACGCCTTCC 25039
Adapter: TATTAACCTTAACGCCTTC 25024
Adapter: AGGTTAATAACCTTGGCGA 25004
Adapter: AAGGCGTTAAGGTTAATAA 24993
Adapter: AGGCGTTAAGGTTAATAAC 24960
Adapter: ATGAGGTTATTAACCTCAC 24946
Adapter: AATCGCCAAGGTTATTAAC 24943
Adapter: ATCGCCAAGGTTATTAACC 24942
Adapter: TGAGGTTAATAACCTCATC 24936
Adapter: CAATCGCCAAGGTTATTAA 24932
Adapter: GGCGTTAAGGTTAATAACC 24923
Adapter: CGATGAGGTTATTAACCTC 24906
Adapter: AGGTTATTAACCTTAACGC 24890
Adapter: TAATAACCTTGGCGATTGA 24860
Adapter: AATAACCTTGGCGATTGAC 24856
Adapter: ATAACCTTGGCGATTGACG 24845
Adapter: ACGTCAATCGCCAAGGTTA 24830
Adapter: AACCTTGGCGATTGACGTT 24818
Adapter: ACCTTGGCGATTGACGTTA 24804
Adapter: CCTTGGCGATTGACGTTAC 24787
Adapter: CTTGGCGATTGACGTTACC 24768
Adapter: TTGGCGATTGACGTTACCC 24746
Adapter: GCGGGTAACGTCAATCGCC 24731
Adapter: CGGGTAACGTCAATCGCCA 24731
Adapter: TGCGGGTAACGTCAATCGC 24722
Adapter: TAAGGTTAATAACCTTGGC 24502
Adapter: AAGGTTAATAACCTTGGCG 24491
Adapter: AAGGTTATTAACCTTAACG 24422
Adapter: CAAGGTTATTAACCTTAAC 24398
Adapter: CCAAGGTTATTAACCTTAA 23287
Adapter: AGGTTAATAACCTCACCGA 11317
Adapter: ATCGGTGAGGTTATTAACC 11277
Adapter: AATCGGTGAGGTTATTAAC 11271
Adapter: CAATCGGTGAGGTTATTAA 11267
Adapter: TAATAACCTCACCGATTGA 11241
Adapter: AATAACCTCACCGATTGAC 11236
Adapter: ATAACCTCACCGATTGACG 11231
Adapter: ACGTCAATCGGTGAGGTTA 11230
Adapter: AACCTCACCGATTGACGTT 11223
Adapter: ACCTCACCGATTGACGTTA 11217
Adapter: CCTCACCGATTGACGTTAC 11204
Adapter: CTCACCGATTGACGTTACC 11196
Adapter: TCACCGATTGACGTTACCC 11187
Adapter: CACCGATTGACGTTACCCG 11180
Adapter: ACCGATTGACGTTACCCGC 11179
Adapter: CCGATTGACGTTACCCGCA 11177
Adapter: GTGAGGTTAATAACCTCAC 11018
Adapter: TGAGGTTAATAACCTCACC 11008
Adapter: CGGTGAGGTTATTAACCTC 11004

Kmer len: 21
Raw kmers: 346561 Memory needed (GB): 0.00665397 Memory available (GB): 29.9931 1 cycle(s) will be performed
Distinct kmers: 26183
Kmer count in  0.023770s wall, 0.040000s user + 0.000000s system = 0.040000s CPU (168.3%)
Uniq kmers merging in  0.011473s wall, 0.000000s user + 0.010000s system = 0.010000s CPU (87.2%)
Kmers branching in  0.008865s wall, 0.020000s user + 0.000000s system = 0.020000s CPU (225.6%)

Average read length: 50
Genome size estimate: 23988

Kmer: 21 Graph size: 26183 Contigs in: 0
Valley: 0

Mark used kmers in  0.000111s wall, 0.000000s user + 0.000000s system = 0.000000s CPU (n/a%)
Kmers in multiple/single contigs: 0 0
Fragments before: 148 15184
Fragments after: 135 15184
New seeds: 75
New seeds in  0.084760s wall, 0.640000s user + 0.000000s system = 0.640000s CPU (755.1%)
Fragments before: 150 3150
Fragments after: 150 3150
Connectors: 0 Extenders: 150
Connections and extensions in  0.006299s wall, 0.000000s user + 0.000000s system = 0.000000s CPU (n/a%)
Contigs out: 75 Genome: 9143 N50: 172 L50: 25
Assembled in  0.091489s wall, 0.640000s user + 0.000000s system = 0.640000s CPU (699.5%)


Average count: 3.71111 Max kmer: 21
Seed kmers: 0
Cleaned reads: 2302
Reads for connection: 0
Internal reads: 0
Reads cleaned in  0.017349s wall, 0.060000s user + 0.000000s system = 0.060000s CPU (345.8%)
WARNING: iterations are disabled
DONE
