Feb-20 22:40:44.963 [main] DEBUG nextflow.cli.Launcher - $> nextflow run main.nf --fastqPath 'raw_data/*_{1,2}.fastq.gz'
Feb-20 22:40:45.055 [main] INFO  nextflow.cli.CmdRun - N E X T F L O W  ~  version 23.10.1
Feb-20 22:40:45.073 [main] DEBUG nextflow.plugin.PluginsFacade - Setting up plugin manager > mode=prod; embedded=false; plugins-dir=/home/anirudhj05/.nextflow/plugins; core-plugins: nf-amazon@2.1.4,nf-azure@1.3.3,nf-cloudcache@0.3.0,nf-codecommit@0.1.5,nf-console@1.0.6,nf-ga4gh@1.1.0,nf-google@1.8.3,nf-tower@1.6.3,nf-wave@1.0.1
Feb-20 22:40:45.084 [main] INFO  o.pf4j.DefaultPluginStatusProvider - Enabled plugins: []
Feb-20 22:40:45.086 [main] INFO  o.pf4j.DefaultPluginStatusProvider - Disabled plugins: []
Feb-20 22:40:45.093 [main] INFO  org.pf4j.DefaultPluginManager - PF4J version 3.4.1 in 'deployment' mode
Feb-20 22:40:45.110 [main] INFO  org.pf4j.AbstractPluginManager - No plugins
Feb-20 22:40:45.230 [main] DEBUG nextflow.cli.CmdRun - Applied DSL=2 from script declararion
Feb-20 22:40:45.247 [main] INFO  nextflow.cli.CmdRun - Launching `main.nf` [cheeky_linnaeus] DSL2 - revision: a29ba3fa81
Feb-20 22:40:45.249 [main] DEBUG nextflow.plugin.PluginsFacade - Plugins default=[]
Feb-20 22:40:45.249 [main] DEBUG nextflow.plugin.PluginsFacade - Plugins resolved requirement=[]
Feb-20 22:40:45.263 [main] DEBUG n.secret.LocalSecretsProvider - Secrets store: /home/anirudhj05/.nextflow/secrets/store.json
Feb-20 22:40:45.272 [main] DEBUG nextflow.secret.SecretsLoader - Discovered secrets providers: [nextflow.secret.LocalSecretsProvider@78411116] - activable => nextflow.secret.LocalSecretsProvider@78411116
Feb-20 22:40:45.340 [main] DEBUG nextflow.Session - Session UUID: 1ffff7e3-13b7-49fc-8a5a-634e8beab1aa
Feb-20 22:40:45.340 [main] DEBUG nextflow.Session - Run name: cheeky_linnaeus
Feb-20 22:40:45.342 [main] DEBUG nextflow.Session - Executor pool size: 8
Feb-20 22:40:45.351 [main] DEBUG nextflow.file.FilePorter - File porter settings maxRetries=3; maxTransfers=50; pollTimeout=null
Feb-20 22:40:45.381 [main] DEBUG nextflow.cli.CmdRun - 
  Version: 23.10.1 build 5891
  Created: 12-01-2024 22:01 UTC (17:01 EDT)
  System: Linux 5.15.133.1-microsoft-standard-WSL2
  Runtime: Groovy 3.0.19 on OpenJDK 64-Bit Server VM 21.0.2-internal-adhoc.conda.src
  Encoding: UTF-8 (UTF-8)
  Process: 12283@DESKTOP-DJFQ3A3 [127.0.1.1]
  CPUs: 8 - Mem: 5.7 GB (2.7 GB) - Swap: 2 GB (2 GB) - Virtual threads ON
Feb-20 22:40:45.411 [main] DEBUG nextflow.Session - Work-dir: /home/anirudhj05/biol7210/nextflow_assignment1/work [ext2/ext3]
Feb-20 22:40:45.411 [main] DEBUG nextflow.Session - Script base path does not exist or is not a directory: /home/anirudhj05/biol7210/nextflow_assignment1/bin
Feb-20 22:40:45.421 [main] DEBUG nextflow.executor.ExecutorFactory - Extension executors providers=[]
Feb-20 22:40:45.432 [main] DEBUG nextflow.Session - Observer factory: DefaultObserverFactory
Feb-20 22:40:45.457 [main] DEBUG nextflow.cache.CacheFactory - Using Nextflow cache factory: nextflow.cache.DefaultCacheFactory
Feb-20 22:40:45.465 [main] DEBUG nextflow.util.CustomPoolFactory - Creating virtual thread pool
Feb-20 22:40:45.574 [main] DEBUG nextflow.Session - Session start
Feb-20 22:40:46.468 [main] DEBUG nextflow.script.ScriptRunner - > Launching execution
Feb-20 22:40:46.841 [main] DEBUG nextflow.executor.ExecutorFactory - << taskConfig executor: null
Feb-20 22:40:46.841 [main] DEBUG nextflow.executor.ExecutorFactory - >> processorType: 'local'
Feb-20 22:40:46.850 [main] DEBUG nextflow.executor.Executor - [warm up] executor > local
Feb-20 22:40:46.861 [main] DEBUG n.processor.LocalPollingMonitor - Creating local task monitor for executor 'local' > cpus=8; memory=5.7 GB; capacity=8; pollInterval=100ms; dumpInterval=5m
Feb-20 22:40:46.865 [main] DEBUG n.processor.TaskPollingMonitor - >>> barrier register (monitor: local)
Feb-20 22:40:47.017 [main] DEBUG nextflow.executor.ExecutorFactory - << taskConfig executor: null
Feb-20 22:40:47.017 [main] DEBUG nextflow.executor.ExecutorFactory - >> processorType: 'local'
Feb-20 22:40:47.025 [main] DEBUG nextflow.Session - Workflow process names [dsl2]: trimseq, assemblyseq
Feb-20 22:40:47.026 [main] DEBUG nextflow.Session - Igniting dataflow network (3)
Feb-20 22:40:47.033 [PathVisitor-1] DEBUG nextflow.file.PathVisitor - files for syntax: glob; folder: raw_data/; pattern: *_{1,2}.fastq.gz; options: [:]
Feb-20 22:40:47.034 [main] DEBUG nextflow.processor.TaskProcessor - Starting process > trimseq
Feb-20 22:40:47.037 [main] DEBUG nextflow.processor.TaskProcessor - Starting process > assemblyseq
Feb-20 22:40:47.038 [main] DEBUG nextflow.script.ScriptRunner - Parsed script files:
  Script_255e90ca7e42771f: /home/anirudhj05/biol7210/nextflow_assignment1/main.nf
Feb-20 22:40:47.038 [main] DEBUG nextflow.script.ScriptRunner - > Awaiting termination 
Feb-20 22:40:47.038 [main] DEBUG nextflow.Session - Session await
Feb-20 22:40:47.399 [Task submitter] DEBUG n.executor.local.LocalTaskHandler - Launch cmd line: /bin/bash -ue .command.run
Feb-20 22:40:47.404 [Task submitter] INFO  nextflow.Session - [93/af2183] Submitted process > trimseq (Trimming SRR19965991)
Feb-20 22:40:51.087 [Task monitor] DEBUG n.processor.TaskPollingMonitor - Task completed > TaskHandler[id: 1; name: trimseq (Trimming SRR19965991); status: COMPLETED; exit: 0; error: -; workDir: /home/anirudhj05/biol7210/nextflow_assignment1/work/93/af2183b67c26cfe834bfffba99cfef]
Feb-20 22:40:51.142 [Task submitter] DEBUG n.executor.local.LocalTaskHandler - Launch cmd line: /bin/bash -ue .command.run
Feb-20 22:40:51.142 [Task submitter] INFO  nextflow.Session - [e6/505385] Submitted process > assemblyseq (Assembly SRR19965991)
Feb-20 22:40:53.648 [Task monitor] DEBUG n.processor.TaskPollingMonitor - Task completed > TaskHandler[id: 2; name: assemblyseq (Assembly SRR19965991); status: COMPLETED; exit: 0; error: -; workDir: /home/anirudhj05/biol7210/nextflow_assignment1/work/e6/50538599f6db36ac7239c26e438f79]
Feb-20 22:40:53.664 [main] DEBUG nextflow.Session - Session await > all processes finished
Feb-20 22:40:53.667 [Task monitor] DEBUG n.processor.TaskPollingMonitor - <<< barrier arrives (monitor: local) - terminating tasks monitor poll loop
Feb-20 22:40:53.668 [main] DEBUG nextflow.Session - Session await > all barriers passed
Feb-20 22:40:53.678 [main] DEBUG nextflow.util.ThreadPoolManager - Thread pool 'PublishDir' shutdown completed (hard=false)
Feb-20 22:40:53.694 [main] DEBUG n.trace.WorkflowStatsObserver - Workflow completed > WorkflowStats[succeededCount=2; failedCount=0; ignoredCount=0; cachedCount=0; pendingCount=0; submittedCount=0; runningCount=0; retriesCount=0; abortedCount=0; succeedDuration=6.1s; failedDuration=0ms; cachedDuration=0ms;loadCpus=0; loadMemory=0; peakRunning=1; peakCpus=1; peakMemory=0; ]
Feb-20 22:40:53.878 [main] DEBUG nextflow.cache.CacheDB - Closing CacheDB done
Feb-20 22:40:53.906 [main] DEBUG nextflow.util.ThreadPoolManager - Thread pool 'FileTransfer' shutdown completed (hard=false)
Feb-20 22:40:53.907 [main] DEBUG nextflow.script.ScriptRunner - > Execution complete -- Goodbye
